<?xml version="1.0" encoding="UTF-8"?>
<testng-results ignored="0" total="1" passed="1" failed="0" skipped="0">
  <reporter-output>
  </reporter-output>
  <suite started-at="2024-03-17T22:51:27 EET" name="Default suite" finished-at="2024-03-17T22:51:58 EET" duration-ms="30088">
    <groups>
    </groups>
    <test started-at="2024-03-17T22:51:27 EET" name="Default test" finished-at="2024-03-17T22:51:58 EET" duration-ms="30088">
      <class name="TestExecution.AmazonTestAutomation">
        <test-method is-config="true" signature="setUp()[pri:0, instance:TestExecution.AmazonTestAutomation@3b6ddd1d]" started-at="2024-03-17T22:51:28 EET" name="setUp" finished-at="2024-03-17T22:51:32 EET" duration-ms="4210" status="PASS">
          <reporter-output>
          </reporter-output>
        </test-method> <!-- setUp -->
        <test-method signature="testAddProductToCart()[pri:0, instance:TestExecution.AmazonTestAutomation@3b6ddd1d]" started-at="2024-03-17T22:51:32 EET" name="testAddProductToCart" finished-at="2024-03-17T22:51:57 EET" duration-ms="25224" status="PASS">
          <reporter-output>
          </reporter-output>
        </test-method> <!-- testAddProductToCart -->
        <test-method is-config="true" signature="tearDown()[pri:0, instance:TestExecution.AmazonTestAutomation@3b6ddd1d]" started-at="2024-03-17T22:51:57 EET" name="tearDown" finished-at="2024-03-17T22:51:58 EET" duration-ms="581" status="PASS">
          <reporter-output>
          </reporter-output>
        </test-method> <!-- tearDown -->
      </class> <!-- TestExecution.AmazonTestAutomation -->
    </test> <!-- Default test -->
  </suite> <!-- Default suite -->
</testng-results>
